2025-02-27 21:27:47 [TestNG-test=User Tests-1] INFO  utilities.LoggerUtility - Starting API Test: CreateUser
2025-02-27 21:27:49 [TestNG-test=User Tests-1] INFO  utilities.LoggerUtility - API Test Passed: CreateUser
2025-02-27 21:33:42 [TestNG-test=User Tests-1] INFO  utilities.LoggerUtility - Starting API Test: CreateUser
2025-02-27 21:33:42 [TestNG-test=User Tests-2] INFO  utilities.LoggerUtility - Starting API Test: UserDoesNotExitTest
2025-02-27 21:33:44 [TestNG-test=User Tests-2] INFO  utilities.LoggerUtility - API Test Passed: UserDoesNotExitTest
2025-02-27 21:33:44 [TestNG-test=User Tests-1] INFO  utilities.LoggerUtility - API Test Passed: CreateUser
2025-02-27 21:33:44 [TestNG-test=User Tests-2] INFO  utilities.LoggerUtility - Starting API Test: getSpecificUserTest
2025-02-27 21:33:44 [TestNG-test=User Tests-1] INFO  utilities.LoggerUtility - Starting API Test: listUserBasedOnPage
2025-02-27 21:33:44 [TestNG-test=User Tests-2] INFO  utilities.LoggerUtility - API Test Passed: getSpecificUserTest
2025-02-27 21:33:44 [TestNG-test=User Tests-2] INFO  utilities.LoggerUtility - Starting API Test: updateUserTest
2025-02-27 21:33:44 [TestNG-test=User Tests-1] INFO  utilities.LoggerUtility - API Test Passed: listUserBasedOnPage
2025-02-27 21:33:45 [TestNG-test=User Tests-2] INFO  utilities.LoggerUtility - API Test Passed: updateUserTest
2025-02-27 21:45:25 [TestNG-test=User Tests-2] INFO  utilities.LoggerUtility - Starting API Test: UserDoesNotExitTest
2025-02-27 21:45:25 [TestNG-test=User Tests-1] INFO  utilities.LoggerUtility - Starting API Test: CreateUser
2025-02-27 21:45:27 [TestNG-test=User Tests-2] INFO  utilities.LoggerUtility - API Test Passed: UserDoesNotExitTest
2025-02-27 21:45:27 [TestNG-test=User Tests-2] INFO  utilities.LoggerUtility - Starting API Test: getSpecificUserTest
2025-02-27 21:45:27 [TestNG-test=User Tests-1] INFO  utilities.LoggerUtility - API Test Passed: CreateUser
2025-02-27 21:45:27 [TestNG-test=User Tests-1] INFO  utilities.LoggerUtility - Starting API Test: listUserBasedOnPage
2025-02-27 21:45:27 [TestNG-test=User Tests-2] INFO  utilities.LoggerUtility - API Test Passed: getSpecificUserTest
2025-02-27 21:45:27 [TestNG-test=User Tests-2] INFO  utilities.LoggerUtility - Starting API Test: updateUserTest
2025-02-27 21:45:28 [TestNG-test=User Tests-1] INFO  utilities.LoggerUtility - API Test Passed: listUserBasedOnPage
2025-02-27 21:45:28 [TestNG-test=User Tests-2] INFO  utilities.LoggerUtility - API Test Passed: updateUserTest
2025-02-27 21:45:53 [TestNG-test=User Tests-1] INFO  utilities.LoggerUtility - Starting API Test: CreateUser
2025-02-27 21:45:53 [TestNG-test=User Tests-2] INFO  utilities.LoggerUtility - Starting API Test: UserDoesNotExitTest
2025-02-27 21:45:55 [TestNG-test=User Tests-2] INFO  utilities.LoggerUtility - API Test Passed: UserDoesNotExitTest
2025-02-27 21:45:55 [TestNG-test=User Tests-1] INFO  utilities.LoggerUtility - API Test Passed: CreateUser
2025-02-27 21:45:55 [TestNG-test=User Tests-2] INFO  utilities.LoggerUtility - Starting API Test: getSpecificUserTest
2025-02-27 21:45:55 [TestNG-test=User Tests-1] INFO  utilities.LoggerUtility - Starting API Test: listUserBasedOnPage
2025-02-27 21:45:56 [TestNG-test=User Tests-2] INFO  utilities.LoggerUtility - API Test Passed: getSpecificUserTest
2025-02-27 21:45:56 [TestNG-test=User Tests-2] INFO  utilities.LoggerUtility - Starting API Test: updateUserTest
2025-02-27 21:45:56 [TestNG-test=User Tests-1] INFO  utilities.LoggerUtility - API Test Passed: listUserBasedOnPage
2025-02-27 21:45:56 [TestNG-test=User Tests-2] INFO  utilities.LoggerUtility - API Test Passed: updateUserTest
2025-02-28 20:09:53 [TestNG-test=User Tests-2] INFO  utilities.LoggerUtility - Starting API Test: UserDoesNotExitTest
2025-02-28 20:09:53 [TestNG-test=User Tests-1] INFO  utilities.LoggerUtility - Starting API Test: CreateUser
2025-02-28 20:09:55 [TestNG-test=User Tests-1] INFO  utilities.LoggerUtility - API Test Passed: CreateUser
2025-02-28 20:09:55 [TestNG-test=User Tests-1] INFO  test.UserTests - Starting API Test: getSpecificUserTest
2025-02-28 20:09:55 [TestNG-test=User Tests-2] INFO  utilities.LoggerUtility - API Test Passed: UserDoesNotExitTest
2025-02-28 20:09:55 [TestNG-test=User Tests-2] INFO  utilities.LoggerUtility - Starting API Test: listUserBasedOnPage
2025-02-28 20:09:56 [TestNG-test=User Tests-1] INFO  utilities.LoggerUtility - API Test Passed: getSpecificUserTest
2025-02-28 20:09:56 [TestNG-test=User Tests-2] INFO  utilities.LoggerUtility - API Test Passed: listUserBasedOnPage
2025-02-28 20:09:56 [TestNG-test=User Tests-1] INFO  utilities.LoggerUtility - Starting API Test: updateUserTest
2025-02-28 20:09:56 [TestNG-test=User Tests-1] INFO  utilities.LoggerUtility - API Test Passed: updateUserTest
2025-02-28 20:13:34 [TestNG-test=User Tests-1] INFO  utilities.LoggerUtility - Starting API Test: CreateUser
2025-02-28 20:13:36 [TestNG-test=User Tests-1] INFO  utilities.LoggerUtility - API Test Passed: CreateUser
2025-02-28 20:13:36 [TestNG-test=User Tests-2] INFO  utilities.LoggerUtility - API Test Passed: UserDoesNotExitTest
2025-02-28 20:13:36 [TestNG-test=User Tests-2] INFO  test.UserTests - Starting API Test: getSpecificUserTest
2025-02-28 20:13:36 [TestNG-test=User Tests-1] INFO  utilities.LoggerUtility - Starting API Test: listUserBasedOnPage
2025-02-28 20:13:36 [TestNG-test=User Tests-2] INFO  utilities.LoggerUtility - API Test Passed: getSpecificUserTest
2025-02-28 20:13:36 [TestNG-test=User Tests-2] INFO  utilities.LoggerUtility - Starting API Test: updateUserTest
2025-02-28 20:13:36 [TestNG-test=User Tests-1] INFO  utilities.LoggerUtility - API Test Passed: listUserBasedOnPage
2025-02-28 20:13:37 [TestNG-test=User Tests-2] INFO  utilities.LoggerUtility - API Test Passed: updateUserTest
2025-02-28 20:25:12 [main] INFO  utilities.LoggerUtility - Starting API Test: CreateUser
2025-02-28 20:25:12 [main] INFO  utilities.LoggerUtility - Starting API Test: UserDoesNotExitTest
2025-02-28 20:25:12 [main] INFO  test.UserTests - Starting API Test: getSpecificUserTest
2025-02-28 20:25:12 [main] INFO  utilities.LoggerUtility - Starting API Test: listUserBasedOnPage
2025-02-28 20:25:12 [main] INFO  utilities.LoggerUtility - Starting API Test: updateUserTest
2025-02-28 20:29:26 [TestNG-test=User Tests-1] INFO  utilities.LoggerUtility - Starting API Test: CreateUser
2025-02-28 20:29:28 [TestNG-test=User Tests-1] INFO  utilities.LoggerUtility - API Test Passed: CreateUser
2025-02-28 20:29:28 [TestNG-test=User Tests-2] INFO  utilities.LoggerUtility - API Test Passed: UserDoesNotExitTest
2025-02-28 20:29:28 [TestNG-test=User Tests-2] INFO  test.UserTests - Starting API Test: getSpecificUserTest
2025-02-28 20:29:28 [TestNG-test=User Tests-1] INFO  utilities.LoggerUtility - Starting API Test: listUserBasedOnPage
2025-02-28 20:29:28 [TestNG-test=User Tests-2] INFO  utilities.LoggerUtility - API Test Passed: getSpecificUserTest
2025-02-28 20:29:28 [TestNG-test=User Tests-1] INFO  utilities.LoggerUtility - API Test Passed: listUserBasedOnPage
2025-02-28 20:29:28 [TestNG-test=User Tests-2] INFO  utilities.LoggerUtility - Starting API Test: updateUserTest
2025-02-28 20:29:29 [TestNG-test=User Tests-2] INFO  utilities.LoggerUtility - API Test Passed: updateUserTest
2025-02-28 21:14:40 [TestNG-test=User Tests-1] INFO  utilities.LoggerUtility - Starting API Test: CreateUser
2025-02-28 21:14:42 [TestNG-test=User Tests-2] INFO  utilities.LoggerUtility - API Test Passed: UserDoesNotExitTest
2025-02-28 21:14:42 [TestNG-test=User Tests-2] INFO  test.UserTests - Starting API Test: getSpecificUserTest
2025-02-28 21:14:42 [TestNG-test=User Tests-1] INFO  utilities.LoggerUtility - API Test Passed: CreateUser
2025-02-28 21:14:42 [TestNG-test=User Tests-1] INFO  utilities.LoggerUtility - Starting API Test: listUserBasedOnPage
2025-02-28 21:14:42 [TestNG-test=User Tests-2] INFO  utilities.LoggerUtility - API Test Passed: getSpecificUserTest
2025-02-28 21:14:42 [TestNG-test=User Tests-2] INFO  utilities.LoggerUtility - Starting API Test: updateUserTest
2025-02-28 21:14:42 [TestNG-test=User Tests-1] INFO  utilities.LoggerUtility - API Test Passed: listUserBasedOnPage
2025-02-28 21:14:42 [TestNG-test=User Tests-2] INFO  utilities.LoggerUtility - API Test Passed: updateUserTest
2025-02-28 21:16:15 [main] INFO  utilities.LoggerUtility - Starting API Test: CreateUser
2025-02-28 21:16:15 [main] INFO  utilities.LoggerUtility - Starting API Test: UserDoesNotExitTest
2025-02-28 21:16:15 [main] INFO  test.UserTests - Starting API Test: getSpecificUserTest
2025-02-28 21:16:15 [main] INFO  utilities.LoggerUtility - Starting API Test: listUserBasedOnPage
2025-02-28 21:16:15 [main] INFO  utilities.LoggerUtility - Starting API Test: updateUserTest
2025-02-28 21:16:50 [TestNG-test=User Tests-1] INFO  utilities.LoggerUtility - Starting API Test: CreateUser
2025-02-28 21:16:50 [TestNG-test=User Tests-2] INFO  utilities.LoggerUtility - Starting API Test: UserDoesNotExitTest
2025-02-28 21:16:51 [TestNG-test=User Tests-2] INFO  utilities.LoggerUtility - API Test Passed: UserDoesNotExitTest
2025-02-28 21:16:51 [TestNG-test=User Tests-2] INFO  test.UserTests - Starting API Test: getSpecificUserTest
2025-02-28 21:16:51 [TestNG-test=User Tests-2] INFO  utilities.LoggerUtility - API Test Passed: getSpecificUserTest
2025-02-28 21:16:51 [TestNG-test=User Tests-2] INFO  utilities.LoggerUtility - Starting API Test: listUserBasedOnPage
2025-02-28 21:16:52 [TestNG-test=User Tests-1] INFO  utilities.LoggerUtility - API Test Passed: CreateUser
2025-02-28 21:16:52 [TestNG-test=User Tests-1] INFO  utilities.LoggerUtility - Starting API Test: updateUserTest
2025-02-28 21:16:52 [TestNG-test=User Tests-2] INFO  utilities.LoggerUtility - API Test Passed: listUserBasedOnPage
2025-02-28 21:16:52 [TestNG-test=User Tests-1] INFO  utilities.LoggerUtility - API Test Passed: updateUserTest
